16-01-03 16:25:19,879 [main] Logfile closed: D:\Java\jee_workspace\jsmta\.\tmlog-1.log
16-01-03 16:42:40,323 [main] Starting read of logfile D:\Java\jee_workspace\jsmta\.\tmlog0.log
16-01-03 16:42:40,324 [main] Done read of logfile
16-01-03 16:42:40,324 [main] Logfile closed: D:\Java\jee_workspace\jsmta\.\tmlog0.log
16-01-03 16:47:07,090 [main] Starting read of logfile D:\Java\jee_workspace\jsmta\.\tmlog1.log
16-01-03 16:47:07,125 [main] Local heuristic termination of coordinator 10.48.1.104.tm0000100002 with state COMMITTING
16-01-03 16:47:07,126 [main] Local heuristic termination of coordinator 10.48.1.104.tm0000100002 with state COMMITTING
16-01-03 16:47:07,126 [main] Done read of logfile
16-01-03 16:47:07,126 [main] Logfile closed: D:\Java\jee_workspace\jsmta\.\tmlog1.log
16-01-03 16:47:35,487 [main] Starting read of logfile D:\Java\jee_workspace\jsmta\.\tmlog2.log
16-01-03 16:47:35,532 [main] Local heuristic termination of coordinator 10.48.1.104.tm0000100003 with state COMMITTING
16-01-03 16:47:35,533 [main] Local heuristic termination of coordinator 10.48.1.104.tm0000100003 with state COMMITTING
16-01-03 16:47:35,533 [main] Done read of logfile
16-01-03 16:47:35,533 [main] Logfile closed: D:\Java\jee_workspace\jsmta\.\tmlog2.log
16-01-03 16:47:45,827 [Atomikos:0] Rollback of timedout ACTIVE coordinator !
16-01-03 16:49:13,268 [main] Starting read of logfile D:\Java\jee_workspace\jsmta\.\tmlog3.log
16-01-03 16:49:13,268 [main] Done read of logfile
16-01-03 16:49:13,268 [main] Logfile closed: D:\Java\jee_workspace\jsmta\.\tmlog3.log
16-01-03 16:49:23,580 [Atomikos:0] Rollback of timedout ACTIVE coordinator !
16-01-03 16:51:31,240 [Finalizer] Logfile closed: D:\Java\jee_workspace\jsmta\.\tmlog4.log
16-01-03 16:51:47,819 [Finalizer] Logfile closed: D:\Java\jee_workspace\jsmta\.\tmlog4.log
16-01-03 17:04:45,917 [Finalizer] Logfile closed: D:\Java\jee_workspace\jsmta\.\tmlog4.log
16-01-03 17:04:56,256 [Atomikos:0] Rollback of timedout ACTIVE coordinator !
16-01-03 17:06:01,115 [Finalizer] Logfile closed: D:\Java\jee_workspace\jsmta\.\tmlog4.log
16-01-03 17:07:45,413 [Finalizer] Logfile closed: D:\Java\jee_workspace\jsmta\.\tmlog4.log
16-01-03 17:11:10,496 [Finalizer] Logfile closed: D:\Java\jee_workspace\jsmta\.\tmlog4.log
16-01-03 17:11:20,782 [Atomikos:0] Rollback of timedout ACTIVE coordinator !
16-01-03 17:14:47,324 [Finalizer] Logfile closed: D:\Java\jee_workspace\jsmta\.\tmlog4.log
16-01-03 17:16:38,508 [main] Starting read of logfile D:\Java\jee_workspace\jsmta\.\tmlog4.log
16-01-03 17:16:38,509 [main] Done read of logfile
16-01-03 17:16:38,509 [main] Logfile closed: D:\Java\jee_workspace\jsmta\.\tmlog4.log
16-01-03 17:20:33,581 [main] Starting read of logfile D:\Java\jee_workspace\jsmta\.\tmlog5.log
16-01-03 17:20:33,582 [main] Done read of logfile
16-01-03 17:20:33,582 [main] Logfile closed: D:\Java\jee_workspace\jsmta\.\tmlog5.log
16-01-03 17:20:43,987 [Atomikos:2] Rollback of timedout ACTIVE coordinator !
16-01-03 17:20:43,987 [Atomikos:2] Forcing close of pending statement: oracle.jdbc.driver.OraclePreparedStatementWrapper@1b589d6
16-01-03 17:20:43,987 [Atomikos:2] Forcing close of pending statement: oracle.jdbc.driver.OraclePreparedStatementWrapper@16c77d8
16-01-03 17:20:47,911 [main] Transaction is marked for rollback only or has timed out
com.atomikos.datasource.xa.session.InvalidSessionHandleStateException: Transaction is marked for rollback only or has timed out
	at com.atomikos.datasource.xa.session.NotInBranchStateHandler.checkEnlistBeforeUse(NotInBranchStateHandler.java:59)
	at com.atomikos.datasource.xa.session.TransactionContext.checkEnlistBeforeUse(TransactionContext.java:85)
	at com.atomikos.datasource.xa.session.SessionHandleState.notifyBeforeUse(SessionHandleState.java:176)
	at com.atomikos.jdbc.AtomikosConnectionProxy.enlist(AtomikosConnectionProxy.java:204)
	at com.atomikos.jdbc.AtomikosConnectionProxy.invoke(AtomikosConnectionProxy.java:138)
	at $Proxy29.prepareStatement(Unknown Source)
	at sun.reflect.NativeMethodAccessorImpl.invoke0(Native Method)
	at sun.reflect.NativeMethodAccessorImpl.invoke(NativeMethodAccessorImpl.java:57)
	at sun.reflect.DelegatingMethodAccessorImpl.invoke(DelegatingMethodAccessorImpl.java:43)
	at java.lang.reflect.Method.invoke(Method.java:601)
	at org.apache.ibatis.logging.jdbc.ConnectionLogger.invoke(ConnectionLogger.java:53)
	at $Proxy26.prepareStatement(Unknown Source)
	at org.apache.ibatis.executor.statement.PreparedStatementHandler.instantiateStatement(PreparedStatementHandler.java:72)
	at org.apache.ibatis.executor.statement.BaseStatementHandler.prepare(BaseStatementHandler.java:82)
	at org.apache.ibatis.executor.statement.RoutingStatementHandler.prepare(RoutingStatementHandler.java:54)
	at org.apache.ibatis.executor.SimpleExecutor.prepareStatement(SimpleExecutor.java:70)
	at org.apache.ibatis.executor.SimpleExecutor.doUpdate(SimpleExecutor.java:44)
	at org.apache.ibatis.executor.BaseExecutor.update(BaseExecutor.java:108)
	at org.apache.ibatis.executor.CachingExecutor.update(CachingExecutor.java:75)
	at org.apache.ibatis.session.defaults.DefaultSqlSession.update(DefaultSqlSession.java:145)
	at org.apache.ibatis.session.defaults.DefaultSqlSession.insert(DefaultSqlSession.java:134)
	at sun.reflect.NativeMethodAccessorImpl.invoke0(Native Method)
	at sun.reflect.NativeMethodAccessorImpl.invoke(NativeMethodAccessorImpl.java:57)
	at sun.reflect.DelegatingMethodAccessorImpl.invoke(DelegatingMethodAccessorImpl.java:43)
	at java.lang.reflect.Method.invoke(Method.java:601)
	at org.ihansen.jsmta.dao.CustomSqlSessionTemplate$SqlSessionInterceptor.invoke(CustomSqlSessionTemplate.java:304)
	at $Proxy16.insert(Unknown Source)
	at org.ihansen.jsmta.dao.CustomSqlSessionTemplate.insert(CustomSqlSessionTemplate.java:196)
	at org.apache.ibatis.binding.MapperMethod.execute(MapperMethod.java:79)
	at org.apache.ibatis.binding.MapperProxy.invoke(MapperProxy.java:40)
	at $Proxy17.insertSelective(Unknown Source)
	at sun.reflect.NativeMethodAccessorImpl.invoke0(Native Method)
	at sun.reflect.NativeMethodAccessorImpl.invoke(NativeMethodAccessorImpl.java:57)
	at sun.reflect.DelegatingMethodAccessorImpl.invoke(DelegatingMethodAccessorImpl.java:43)
	at java.lang.reflect.Method.invoke(Method.java:601)
	at org.ihansen.jsmta.dao.impl.CommonDAOImpl.add(CommonDAOImpl.java:87)
	at sun.reflect.NativeMethodAccessorImpl.invoke0(Native Method)
	at sun.reflect.NativeMethodAccessorImpl.invoke(NativeMethodAccessorImpl.java:57)
	at sun.reflect.DelegatingMethodAccessorImpl.invoke(DelegatingMethodAccessorImpl.java:43)
	at java.lang.reflect.Method.invoke(Method.java:601)
	at org.springframework.aop.support.AopUtils.invokeJoinpointUsingReflection(AopUtils.java:302)
	at org.springframework.aop.framework.ReflectiveMethodInvocation.invokeJoinpoint(ReflectiveMethodInvocation.java:190)
	at org.springframework.aop.framework.ReflectiveMethodInvocation.proceed(ReflectiveMethodInvocation.java:157)
	at org.springframework.aop.aspectj.MethodInvocationProceedingJoinPoint.proceed(MethodInvocationProceedingJoinPoint.java:85)
	at org.ihansen.jsmta.dao.SqlContextHolder.setDataSource(SqlContextHolder.java:44)
	at sun.reflect.NativeMethodAccessorImpl.invoke0(Native Method)
	at sun.reflect.NativeMethodAccessorImpl.invoke(NativeMethodAccessorImpl.java:57)
	at sun.reflect.DelegatingMethodAccessorImpl.invoke(DelegatingMethodAccessorImpl.java:43)
	at java.lang.reflect.Method.invoke(Method.java:601)
	at org.springframework.aop.aspectj.AbstractAspectJAdvice.invokeAdviceMethodWithGivenArgs(AbstractAspectJAdvice.java:621)
	at org.springframework.aop.aspectj.AbstractAspectJAdvice.invokeAdviceMethod(AbstractAspectJAdvice.java:610)
	at org.springframework.aop.aspectj.AspectJAroundAdvice.invoke(AspectJAroundAdvice.java:68)
	at org.springframework.aop.framework.ReflectiveMethodInvocation.proceed(ReflectiveMethodInvocation.java:179)
	at org.springframework.aop.interceptor.ExposeInvocationInterceptor.invoke(ExposeInvocationInterceptor.java:92)
	at org.springframework.aop.framework.ReflectiveMethodInvocation.proceed(ReflectiveMethodInvocation.java:179)
	at org.springframework.aop.framework.JdkDynamicAopProxy.invoke(JdkDynamicAopProxy.java:207)
	at $Proxy18.add(Unknown Source)
	at org.ihansen.jsmta.service.impl.BusLogSVImpl.log(BusLogSVImpl.java:29)
	at sun.reflect.NativeMethodAccessorImpl.invoke0(Native Method)
	at sun.reflect.NativeMethodAccessorImpl.invoke(NativeMethodAccessorImpl.java:57)
	at sun.reflect.DelegatingMethodAccessorImpl.invoke(DelegatingMethodAccessorImpl.java:43)
	at java.lang.reflect.Method.invoke(Method.java:601)
	at org.springframework.aop.support.AopUtils.invokeJoinpointUsingReflection(AopUtils.java:302)
	at org.springframework.aop.framework.ReflectiveMethodInvocation.invokeJoinpoint(ReflectiveMethodInvocation.java:190)
	at org.springframework.aop.framework.ReflectiveMethodInvocation.proceed(ReflectiveMethodInvocation.java:157)
	at org.springframework.transaction.interceptor.TransactionInterceptor$1.proceedWithInvocation(TransactionInterceptor.java:99)
	at org.springframework.transaction.interceptor.TransactionAspectSupport.invokeWithinTransaction(TransactionAspectSupport.java:281)
	at org.springframework.transaction.interceptor.TransactionInterceptor.invoke(TransactionInterceptor.java:96)
	at org.springframework.aop.framework.ReflectiveMethodInvocation.proceed(ReflectiveMethodInvocation.java:179)
	at org.springframework.aop.interceptor.ExposeInvocationInterceptor.invoke(ExposeInvocationInterceptor.java:92)
	at org.springframework.aop.framework.ReflectiveMethodInvocation.proceed(ReflectiveMethodInvocation.java:179)
	at org.springframework.aop.framework.JdkDynamicAopProxy.invoke(JdkDynamicAopProxy.java:207)
	at $Proxy23.log(Unknown Source)
	at org.ihansen.jsmta.service.impl.UserAuthSVImpl.addUserAuth(UserAuthSVImpl.java:30)
	at sun.reflect.NativeMethodAccessorImpl.invoke0(Native Method)
	at sun.reflect.NativeMethodAccessorImpl.invoke(NativeMethodAccessorImpl.java:57)
	at sun.reflect.DelegatingMethodAccessorImpl.invoke(DelegatingMethodAccessorImpl.java:43)
	at java.lang.reflect.Method.invoke(Method.java:601)
	at org.springframework.aop.support.AopUtils.invokeJoinpointUsingReflection(AopUtils.java:302)
	at org.springframework.aop.framework.ReflectiveMethodInvocation.invokeJoinpoint(ReflectiveMethodInvocation.java:190)
	at org.springframework.aop.framework.ReflectiveMethodInvocation.proceed(ReflectiveMethodInvocation.java:157)
	at org.springframework.transaction.interceptor.TransactionInterceptor$1.proceedWithInvocation(TransactionInterceptor.java:99)
	at org.springframework.transaction.interceptor.TransactionAspectSupport.invokeWithinTransaction(TransactionAspectSupport.java:281)
	at org.springframework.transaction.interceptor.TransactionInterceptor.invoke(TransactionInterceptor.java:96)
	at org.springframework.aop.framework.ReflectiveMethodInvocation.proceed(ReflectiveMethodInvocation.java:179)
	at org.springframework.aop.interceptor.ExposeInvocationInterceptor.invoke(ExposeInvocationInterceptor.java:92)
	at org.springframework.aop.framework.ReflectiveMethodInvocation.proceed(ReflectiveMethodInvocation.java:179)
	at org.springframework.aop.framework.JdkDynamicAopProxy.invoke(JdkDynamicAopProxy.java:207)
	at $Proxy24.addUserAuth(Unknown Source)
	at test.spring_test_junit.UserAuthTest.testAddUserAuth(UserAuthTest.java:22)
	at sun.reflect.NativeMethodAccessorImpl.invoke0(Native Method)
	at sun.reflect.NativeMethodAccessorImpl.invoke(NativeMethodAccessorImpl.java:57)
	at sun.reflect.DelegatingMethodAccessorImpl.invoke(DelegatingMethodAccessorImpl.java:43)
	at java.lang.reflect.Method.invoke(Method.java:601)
	at org.junit.runners.model.FrameworkMethod$1.runReflectiveCall(FrameworkMethod.java:47)
	at org.junit.internal.runners.model.ReflectiveCallable.run(ReflectiveCallable.java:12)
	at org.junit.runners.model.FrameworkMethod.invokeExplosively(FrameworkMethod.java:44)
	at org.junit.internal.runners.statements.InvokeMethod.evaluate(InvokeMethod.java:17)
	at org.springframework.test.context.junit4.statements.RunBeforeTestMethodCallbacks.evaluate(RunBeforeTestMethodCallbacks.java:74)
	at org.springframework.test.context.junit4.statements.RunAfterTestMethodCallbacks.evaluate(RunAfterTestMethodCallbacks.java:85)
	at org.springframework.test.context.junit4.statements.SpringRepeat.evaluate(SpringRepeat.java:86)
	at org.junit.runners.ParentRunner.runLeaf(ParentRunner.java:271)
	at org.springframework.test.context.junit4.SpringJUnit4ClassRunner.runChild(SpringJUnit4ClassRunner.java:241)
	at org.springframework.test.context.junit4.SpringJUnit4ClassRunner.runChild(SpringJUnit4ClassRunner.java:87)
	at org.junit.runners.ParentRunner$3.run(ParentRunner.java:238)
	at org.junit.runners.ParentRunner$1.schedule(ParentRunner.java:63)
	at org.junit.runners.ParentRunner.runChildren(ParentRunner.java:236)
	at org.junit.runners.ParentRunner.access$000(ParentRunner.java:53)
	at org.junit.runners.ParentRunner$2.evaluate(ParentRunner.java:229)
	at org.springframework.test.context.junit4.statements.RunBeforeTestClassCallbacks.evaluate(RunBeforeTestClassCallbacks.java:61)
	at org.springframework.test.context.junit4.statements.RunAfterTestClassCallbacks.evaluate(RunAfterTestClassCallbacks.java:70)
	at org.junit.runners.ParentRunner.run(ParentRunner.java:309)
	at org.springframework.test.context.junit4.SpringJUnit4ClassRunner.run(SpringJUnit4ClassRunner.java:180)
	at org.eclipse.jdt.internal.junit4.runner.JUnit4TestReference.run(JUnit4TestReference.java:50)
	at org.eclipse.jdt.internal.junit.runner.TestExecution.run(TestExecution.java:38)
	at org.eclipse.jdt.internal.junit.runner.RemoteTestRunner.runTests(RemoteTestRunner.java:467)
	at org.eclipse.jdt.internal.junit.runner.RemoteTestRunner.runTests(RemoteTestRunner.java:683)
	at org.eclipse.jdt.internal.junit.runner.RemoteTestRunner.run(RemoteTestRunner.java:390)
	at org.eclipse.jdt.internal.junit.runner.RemoteTestRunner.main(RemoteTestRunner.java:197)
16-01-03 17:20:47,913 [main] Error enlisting in transaction - connection might be broken? Please check the logs for more information...
com.atomikos.jdbc.AtomikosSQLException: Transaction is marked for rollback only or has timed out
	at com.atomikos.jdbc.AtomikosSQLException.throwAtomikosSQLException(AtomikosSQLException.java:44)
	at com.atomikos.jdbc.AtomikosConnectionProxy.enlist(AtomikosConnectionProxy.java:214)
	at com.atomikos.jdbc.AtomikosConnectionProxy.invoke(AtomikosConnectionProxy.java:138)
	at $Proxy29.prepareStatement(Unknown Source)
	at sun.reflect.NativeMethodAccessorImpl.invoke0(Native Method)
	at sun.reflect.NativeMethodAccessorImpl.invoke(NativeMethodAccessorImpl.java:57)
	at sun.reflect.DelegatingMethodAccessorImpl.invoke(DelegatingMethodAccessorImpl.java:43)
	at java.lang.reflect.Method.invoke(Method.java:601)
	at org.apache.ibatis.logging.jdbc.ConnectionLogger.invoke(ConnectionLogger.java:53)
	at $Proxy26.prepareStatement(Unknown Source)
	at org.apache.ibatis.executor.statement.PreparedStatementHandler.instantiateStatement(PreparedStatementHandler.java:72)
	at org.apache.ibatis.executor.statement.BaseStatementHandler.prepare(BaseStatementHandler.java:82)
	at org.apache.ibatis.executor.statement.RoutingStatementHandler.prepare(RoutingStatementHandler.java:54)
	at org.apache.ibatis.executor.SimpleExecutor.prepareStatement(SimpleExecutor.java:70)
	at org.apache.ibatis.executor.SimpleExecutor.doUpdate(SimpleExecutor.java:44)
	at org.apache.ibatis.executor.BaseExecutor.update(BaseExecutor.java:108)
	at org.apache.ibatis.executor.CachingExecutor.update(CachingExecutor.java:75)
	at org.apache.ibatis.session.defaults.DefaultSqlSession.update(DefaultSqlSession.java:145)
	at org.apache.ibatis.session.defaults.DefaultSqlSession.insert(DefaultSqlSession.java:134)
	at sun.reflect.NativeMethodAccessorImpl.invoke0(Native Method)
	at sun.reflect.NativeMethodAccessorImpl.invoke(NativeMethodAccessorImpl.java:57)
	at sun.reflect.DelegatingMethodAccessorImpl.invoke(DelegatingMethodAccessorImpl.java:43)
	at java.lang.reflect.Method.invoke(Method.java:601)
	at org.ihansen.jsmta.dao.CustomSqlSessionTemplate$SqlSessionInterceptor.invoke(CustomSqlSessionTemplate.java:304)
	at $Proxy16.insert(Unknown Source)
	at org.ihansen.jsmta.dao.CustomSqlSessionTemplate.insert(CustomSqlSessionTemplate.java:196)
	at org.apache.ibatis.binding.MapperMethod.execute(MapperMethod.java:79)
	at org.apache.ibatis.binding.MapperProxy.invoke(MapperProxy.java:40)
	at $Proxy17.insertSelective(Unknown Source)
	at sun.reflect.NativeMethodAccessorImpl.invoke0(Native Method)
	at sun.reflect.NativeMethodAccessorImpl.invoke(NativeMethodAccessorImpl.java:57)
	at sun.reflect.DelegatingMethodAccessorImpl.invoke(DelegatingMethodAccessorImpl.java:43)
	at java.lang.reflect.Method.invoke(Method.java:601)
	at org.ihansen.jsmta.dao.impl.CommonDAOImpl.add(CommonDAOImpl.java:87)
	at sun.reflect.NativeMethodAccessorImpl.invoke0(Native Method)
	at sun.reflect.NativeMethodAccessorImpl.invoke(NativeMethodAccessorImpl.java:57)
	at sun.reflect.DelegatingMethodAccessorImpl.invoke(DelegatingMethodAccessorImpl.java:43)
	at java.lang.reflect.Method.invoke(Method.java:601)
	at org.springframework.aop.support.AopUtils.invokeJoinpointUsingReflection(AopUtils.java:302)
	at org.springframework.aop.framework.ReflectiveMethodInvocation.invokeJoinpoint(ReflectiveMethodInvocation.java:190)
	at org.springframework.aop.framework.ReflectiveMethodInvocation.proceed(ReflectiveMethodInvocation.java:157)
	at org.springframework.aop.aspectj.MethodInvocationProceedingJoinPoint.proceed(MethodInvocationProceedingJoinPoint.java:85)
	at org.ihansen.jsmta.dao.SqlContextHolder.setDataSource(SqlContextHolder.java:44)
	at sun.reflect.NativeMethodAccessorImpl.invoke0(Native Method)
	at sun.reflect.NativeMethodAccessorImpl.invoke(NativeMethodAccessorImpl.java:57)
	at sun.reflect.DelegatingMethodAccessorImpl.invoke(DelegatingMethodAccessorImpl.java:43)
	at java.lang.reflect.Method.invoke(Method.java:601)
	at org.springframework.aop.aspectj.AbstractAspectJAdvice.invokeAdviceMethodWithGivenArgs(AbstractAspectJAdvice.java:621)
	at org.springframework.aop.aspectj.AbstractAspectJAdvice.invokeAdviceMethod(AbstractAspectJAdvice.java:610)
	at org.springframework.aop.aspectj.AspectJAroundAdvice.invoke(AspectJAroundAdvice.java:68)
	at org.springframework.aop.framework.ReflectiveMethodInvocation.proceed(ReflectiveMethodInvocation.java:179)
	at org.springframework.aop.interceptor.ExposeInvocationInterceptor.invoke(ExposeInvocationInterceptor.java:92)
	at org.springframework.aop.framework.ReflectiveMethodInvocation.proceed(ReflectiveMethodInvocation.java:179)
	at org.springframework.aop.framework.JdkDynamicAopProxy.invoke(JdkDynamicAopProxy.java:207)
	at $Proxy18.add(Unknown Source)
	at org.ihansen.jsmta.service.impl.BusLogSVImpl.log(BusLogSVImpl.java:29)
	at sun.reflect.NativeMethodAccessorImpl.invoke0(Native Method)
	at sun.reflect.NativeMethodAccessorImpl.invoke(NativeMethodAccessorImpl.java:57)
	at sun.reflect.DelegatingMethodAccessorImpl.invoke(DelegatingMethodAccessorImpl.java:43)
	at java.lang.reflect.Method.invoke(Method.java:601)
	at org.springframework.aop.support.AopUtils.invokeJoinpointUsingReflection(AopUtils.java:302)
	at org.springframework.aop.framework.ReflectiveMethodInvocation.invokeJoinpoint(ReflectiveMethodInvocation.java:190)
	at org.springframework.aop.framework.ReflectiveMethodInvocation.proceed(ReflectiveMethodInvocation.java:157)
	at org.springframework.transaction.interceptor.TransactionInterceptor$1.proceedWithInvocation(TransactionInterceptor.java:99)
	at org.springframework.transaction.interceptor.TransactionAspectSupport.invokeWithinTransaction(TransactionAspectSupport.java:281)
	at org.springframework.transaction.interceptor.TransactionInterceptor.invoke(TransactionInterceptor.java:96)
	at org.springframework.aop.framework.ReflectiveMethodInvocation.proceed(ReflectiveMethodInvocation.java:179)
	at org.springframework.aop.interceptor.ExposeInvocationInterceptor.invoke(ExposeInvocationInterceptor.java:92)
	at org.springframework.aop.framework.ReflectiveMethodInvocation.proceed(ReflectiveMethodInvocation.java:179)
	at org.springframework.aop.framework.JdkDynamicAopProxy.invoke(JdkDynamicAopProxy.java:207)
	at $Proxy23.log(Unknown Source)
	at org.ihansen.jsmta.service.impl.UserAuthSVImpl.addUserAuth(UserAuthSVImpl.java:30)
	at sun.reflect.NativeMethodAccessorImpl.invoke0(Native Method)
	at sun.reflect.NativeMethodAccessorImpl.invoke(NativeMethodAccessorImpl.java:57)
	at sun.reflect.DelegatingMethodAccessorImpl.invoke(DelegatingMethodAccessorImpl.java:43)
	at java.lang.reflect.Method.invoke(Method.java:601)
	at org.springframework.aop.support.AopUtils.invokeJoinpointUsingReflection(AopUtils.java:302)
	at org.springframework.aop.framework.ReflectiveMethodInvocation.invokeJoinpoint(ReflectiveMethodInvocation.java:190)
	at org.springframework.aop.framework.ReflectiveMethodInvocation.proceed(ReflectiveMethodInvocation.java:157)
	at org.springframework.transaction.interceptor.TransactionInterceptor$1.proceedWithInvocation(TransactionInterceptor.java:99)
	at org.springframework.transaction.interceptor.TransactionAspectSupport.invokeWithinTransaction(TransactionAspectSupport.java:281)
	at org.springframework.transaction.interceptor.TransactionInterceptor.invoke(TransactionInterceptor.java:96)
	at org.springframework.aop.framework.ReflectiveMethodInvocation.proceed(ReflectiveMethodInvocation.java:179)
	at org.springframework.aop.interceptor.ExposeInvocationInterceptor.invoke(ExposeInvocationInterceptor.java:92)
	at org.springframework.aop.framework.ReflectiveMethodInvocation.proceed(ReflectiveMethodInvocation.java:179)
	at org.springframework.aop.framework.JdkDynamicAopProxy.invoke(JdkDynamicAopProxy.java:207)
	at $Proxy24.addUserAuth(Unknown Source)
	at test.spring_test_junit.UserAuthTest.testAddUserAuth(UserAuthTest.java:22)
	at sun.reflect.NativeMethodAccessorImpl.invoke0(Native Method)
	at sun.reflect.NativeMethodAccessorImpl.invoke(NativeMethodAccessorImpl.java:57)
	at sun.reflect.DelegatingMethodAccessorImpl.invoke(DelegatingMethodAccessorImpl.java:43)
	at java.lang.reflect.Method.invoke(Method.java:601)
	at org.junit.runners.model.FrameworkMethod$1.runReflectiveCall(FrameworkMethod.java:47)
	at org.junit.internal.runners.model.ReflectiveCallable.run(ReflectiveCallable.java:12)
	at org.junit.runners.model.FrameworkMethod.invokeExplosively(FrameworkMethod.java:44)
	at org.junit.internal.runners.statements.InvokeMethod.evaluate(InvokeMethod.java:17)
	at org.springframework.test.context.junit4.statements.RunBeforeTestMethodCallbacks.evaluate(RunBeforeTestMethodCallbacks.java:74)
	at org.springframework.test.context.junit4.statements.RunAfterTestMethodCallbacks.evaluate(RunAfterTestMethodCallbacks.java:85)
	at org.springframework.test.context.junit4.statements.SpringRepeat.evaluate(SpringRepeat.java:86)
	at org.junit.runners.ParentRunner.runLeaf(ParentRunner.java:271)
	at org.springframework.test.context.junit4.SpringJUnit4ClassRunner.runChild(SpringJUnit4ClassRunner.java:241)
	at org.springframework.test.context.junit4.SpringJUnit4ClassRunner.runChild(SpringJUnit4ClassRunner.java:87)
	at org.junit.runners.ParentRunner$3.run(ParentRunner.java:238)
	at org.junit.runners.ParentRunner$1.schedule(ParentRunner.java:63)
	at org.junit.runners.ParentRunner.runChildren(ParentRunner.java:236)
	at org.junit.runners.ParentRunner.access$000(ParentRunner.java:53)
	at org.junit.runners.ParentRunner$2.evaluate(ParentRunner.java:229)
	at org.springframework.test.context.junit4.statements.RunBeforeTestClassCallbacks.evaluate(RunBeforeTestClassCallbacks.java:61)
	at org.springframework.test.context.junit4.statements.RunAfterTestClassCallbacks.evaluate(RunAfterTestClassCallbacks.java:70)
	at org.junit.runners.ParentRunner.run(ParentRunner.java:309)
	at org.springframework.test.context.junit4.SpringJUnit4ClassRunner.run(SpringJUnit4ClassRunner.java:180)
	at org.eclipse.jdt.internal.junit4.runner.JUnit4TestReference.run(JUnit4TestReference.java:50)
	at org.eclipse.jdt.internal.junit.runner.TestExecution.run(TestExecution.java:38)
	at org.eclipse.jdt.internal.junit.runner.RemoteTestRunner.runTests(RemoteTestRunner.java:467)
	at org.eclipse.jdt.internal.junit.runner.RemoteTestRunner.runTests(RemoteTestRunner.java:683)
	at org.eclipse.jdt.internal.junit.runner.RemoteTestRunner.run(RemoteTestRunner.java:390)
	at org.eclipse.jdt.internal.junit.runner.RemoteTestRunner.main(RemoteTestRunner.java:197)
Caused by: com.atomikos.datasource.xa.session.InvalidSessionHandleStateException: Transaction is marked for rollback only or has timed out
	at com.atomikos.datasource.xa.session.NotInBranchStateHandler.checkEnlistBeforeUse(NotInBranchStateHandler.java:59)
	at com.atomikos.datasource.xa.session.TransactionContext.checkEnlistBeforeUse(TransactionContext.java:85)
	at com.atomikos.datasource.xa.session.SessionHandleState.notifyBeforeUse(SessionHandleState.java:176)
	at com.atomikos.jdbc.AtomikosConnectionProxy.enlist(AtomikosConnectionProxy.java:204)
	... 115 more
16-01-03 17:22:01,117 [main] Starting read of logfile D:\Java\jee_workspace\jsmta\.\tmlog6.log
16-01-03 17:22:01,118 [main] Done read of logfile
16-01-03 17:22:01,118 [main] Logfile closed: D:\Java\jee_workspace\jsmta\.\tmlog6.log
16-01-03 17:23:11,795 [Finalizer] Logfile closed: D:\Java\jee_workspace\jsmta\.\tmlog7.log
16-01-03 17:23:43,622 [Finalizer] Logfile closed: D:\Java\jee_workspace\jsmta\.\tmlog7.log
16-01-03 17:23:53,927 [Atomikos:2] Rollback of timedout ACTIVE coordinator !
16-01-03 17:23:53,927 [Atomikos:2] Forcing close of pending statement: com.mysql.jdbc.jdbc2.optional.PreparedStatementWrapper@175750
16-01-03 17:23:53,928 [Atomikos:2] Forcing close of pending statement: oracle.jdbc.driver.OraclePreparedStatementWrapper@654e77
16-01-03 17:23:53,928 [Atomikos:2] Forcing close of pending statement: oracle.jdbc.driver.OraclePreparedStatementWrapper@1028494
16-01-03 17:25:00,212 [Finalizer] Logfile closed: D:\Java\jee_workspace\jsmta\.\tmlog7.log
16-01-03 17:25:10,114 [Atomikos:2] Rollback of timedout ACTIVE coordinator !
16-01-03 17:25:10,114 [Atomikos:2] Forcing close of pending statement: com.mysql.jdbc.jdbc2.optional.PreparedStatementWrapper@1624059
16-01-03 17:25:10,116 [Atomikos:2] Forcing close of pending statement: oracle.jdbc.driver.OraclePreparedStatementWrapper@16ecc30
16-01-03 17:25:10,116 [Atomikos:2] Forcing close of pending statement: oracle.jdbc.driver.OraclePreparedStatementWrapper@11f7162
16-01-03 17:27:09,550 [Finalizer] Logfile closed: D:\Java\jee_workspace\jsmta\.\tmlog7.log
16-01-03 17:27:19,449 [Atomikos:2] Rollback of timedout ACTIVE coordinator !
16-01-03 17:27:19,450 [Atomikos:2] Forcing close of pending statement: oracle.jdbc.driver.OraclePreparedStatementWrapper@8eb6c6
16-01-03 17:27:19,450 [Atomikos:2] Forcing close of pending statement: oracle.jdbc.driver.OraclePreparedStatementWrapper@181bcf2
16-01-03 17:27:19,450 [Atomikos:2] Forcing close of pending statement: com.mysql.jdbc.jdbc2.optional.PreparedStatementWrapper@9bd784
16-01-03 17:38:22,195 [Finalizer] Logfile closed: D:\Java\jee_workspace\jsmta\.\tmlog7.log
